16:02:53.223 [TestNG-tests-1] INFO  testcasses.accountregestire - *************Starting Teatcase*********
16:02:54.122 [TestNG-tests-2] INFO  testcasses.accountregestire - Clicked regestire link
16:02:54.130 [TestNG-tests-2] INFO  testcasses.accountregestire - provide customer details
16:02:55.162 [TestNG-tests-1] INFO  testcasses.accountregestire - Clicked regestire link
16:02:55.165 [TestNG-tests-1] INFO  testcasses.accountregestire - provide customer details
16:02:56.122 [TestNG-tests-2] INFO  testcasses.accountregestire - *************finishing Teatcase*********
16:02:56.858 [TestNG-tests-1] INFO  testcasses.accountregestire - *************finishing Teatcase*********
16:02:15.620 [main] INFO  testcasses.accountregestire - *************Starting Teatcase*********
16:02:18.453 [main] INFO  testcasses.accountregestire - Clicked regestire link
16:02:18.456 [main] INFO  testcasses.accountregestire - provide customer details
16:02:20.116 [main] INFO  testcasses.accountregestire - *************finishing Teatcase*********
18:02:07.854 [main] INFO  testcasses.logintomyaccount - *******testcase start***********
18:02:11.580 [main] INFO  testcasses.logintomyaccount - *********test finish***********
20:02:14.216 [main] INFO  testcasses.logindvt - *******testcase start***********
20:02:26.125 [main] INFO  testcasses.logindvt - *******testcase start***********
20:02:30.481 [main] INFO  testcasses.logindvt - *******testcase start***********
20:02:34.072 [main] INFO  testcasses.logindvt - *******testcase start***********
20:02:56.074 [main] INFO  testcasses.logindvt - *******testcase start***********
20:02:56.896 [main] INFO  testcasses.logindvt - *******testcase start***********
20:02:57.799 [main] INFO  testcasses.logindvt - *******testcase start***********
20:02:58.266 [main] INFO  testcasses.logindvt - *******testcase start***********
20:02:28.525 [main] INFO  testcasses.logindvt - *******testcase start***********
20:02:29.486 [main] INFO  testcasses.logindvt - *******testcase start***********
20:02:29.978 [main] INFO  testcasses.logindvt - *******testcase start***********
20:02:30.971 [main] INFO  testcasses.logindvt - *******testcase start***********
20:02:36.814 [main] INFO  testcasses.logintomyaccount - *******testcase start***********
20:02:39.329 [main] INFO  testcasses.logintomyaccount - *********test finish***********
20:02:36.600 [main] INFO  testcasses.logintomyaccount - *******testcase start***********
20:02:38.849 [main] INFO  testcasses.logintomyaccount - *********test finish***********
21:02:11.718 [main] INFO  testcasses.logindvt - **********testcase exceute*********
21:02:14.091 [main] INFO  testcasses.logindvt - **********testcase exceute*********
21:02:14.110 [main] INFO  testcasses.logindvt - **********testcase exceute*********
21:02:25.524 [main] INFO  testcasses.logindvt - **********testcase exceute*********
21:02:25.529 [main] INFO  testcasses.logindvt - **********testcase exceute*********
21:02:37.758 [main] INFO  testcasses.logindvt - **********testcase exceute*********
21:02:37.762 [main] INFO  testcasses.logindvt - **********testcase exceute*********
21:02:49.117 [main] INFO  testcasses.logindvt - **********testcase exceute*********
21:02:49.121 [main] INFO  testcasses.logindvt - **********testcase exceute*********
21:02:00.432 [main] INFO  testcasses.logindvt - **********testcase exceute*********
21:02:17.102 [main] INFO  testcasses.logindvt - **********testcase Start*********
21:02:20.070 [main] INFO  testcasses.logindvt - **********testcase exceute*********
21:02:20.083 [main] INFO  testcasses.logindvt - **********testcase Start*********
21:02:31.493 [main] INFO  testcasses.logindvt - **********testcase exceute*********
21:02:31.497 [main] INFO  testcasses.logindvt - **********testcase Start*********
21:02:42.971 [main] INFO  testcasses.logindvt - **********testcase exceute*********
21:02:42.975 [main] INFO  testcasses.logindvt - **********testcase Start*********
21:02:54.216 [main] INFO  testcasses.logindvt - **********testcase exceute*********
21:02:54.219 [main] INFO  testcasses.logindvt - **********testcase Start*********
21:02:05.594 [main] INFO  testcasses.logindvt - **********testcase exceute*********
21:02:39.156 [main] INFO  testcasses.accountregestire - *************Starting Teatcase*********
21:02:40.441 [main] INFO  testcasses.accountregestire - Clicked regestire link
21:02:40.446 [main] INFO  testcasses.accountregestire - provide customer details
21:02:43.850 [main] INFO  testcasses.accountregestire - *************finishing Teatcase*********
21:02:48.104 [main] INFO  testcasses.logintomyaccount - *******testcase start***********
21:02:50.745 [main] INFO  testcasses.logintomyaccount - *********test finish***********
21:02:36.824 [main] INFO  testcasses.logintomyaccount - *******testcase start***********
21:02:38.689 [main] INFO  testcasses.logintomyaccount - *********test finish***********
21:02:24.018 [main] INFO  testcasses.accountregestire - *************Starting Teatcase*********
