21:02:11.720 [main] INFO  testcasses.accountregestire - *************Starting Teatcase*********
21:02:12.808 [main] INFO  testcasses.accountregestire - Clicked regestire link
21:02:12.812 [main] INFO  testcasses.accountregestire - provide customer details
21:02:15.622 [main] INFO  testcasses.accountregestire - *************finishing Teatcase*********
10:02:35.680 [main] INFO  testcasses.accountregestire - *************Starting Teatcase*********
10:02:36.974 [main] INFO  testcasses.accountregestire - Clicked regestire link
10:02:37.026 [main] INFO  testcasses.accountregestire - provide customer details
10:02:38.733 [main] INFO  testcasses.accountregestire - *************finishing Teatcase*********
10:02:43.873 [main] INFO  testcasses.logintomyaccount - *******testcase start***********
10:02:45.659 [main] INFO  testcasses.logintomyaccount - *********test finish***********
10:02:04.459 [main] INFO  testcasses.accountregestire - *************Starting Teatcase*********
10:02:05.479 [main] INFO  testcasses.accountregestire - Clicked regestire link
10:02:05.487 [main] INFO  testcasses.accountregestire - provide customer details
10:02:07.244 [main] INFO  testcasses.accountregestire - *************finishing Teatcase*********
10:02:12.738 [main] INFO  testcasses.logintomyaccount - *******testcase start***********
10:02:14.881 [main] INFO  testcasses.logintomyaccount - *********test finish***********
11:02:56.062 [main] INFO  testcasses.accountregestire - *************Starting Teatcase*********
11:02:56.133 [main] INFO  testcasses.logintomyaccount - *******testcase start***********
11:02:46.801 [main] INFO  testcasses.accountregestire - *************Starting Teatcase*********
11:02:48.178 [main] INFO  testcasses.accountregestire - Clicked regestire link
11:02:48.180 [main] INFO  testcasses.accountregestire - provide customer details
11:02:50.184 [main] INFO  testcasses.accountregestire - *************finishing Teatcase*********
11:02:54.606 [main] INFO  testcasses.logintomyaccount - *******testcase start***********
11:02:56.736 [main] INFO  testcasses.logintomyaccount - *********test finish***********
21:02:22.418 [main] INFO  testcasses.accountregestire - *************Starting Teatcase*********
21:02:24.214 [main] INFO  testcasses.accountregestire - Clicked regestire link
21:02:24.219 [main] INFO  testcasses.accountregestire - provide customer details
21:02:26.989 [main] INFO  testcasses.accountregestire - *************finishing Teatcase*********
21:02:34.103 [main] INFO  testcasses.logintomyaccount - *******testcase start***********
21:02:36.924 [main] INFO  testcasses.logintomyaccount - *********test finish***********
21:02:29.121 [main] INFO  testcasses.accountregestire - *************Starting Teatcase*********
21:02:31.771 [main] INFO  testcasses.accountregestire - Clicked regestire link
21:02:31.783 [main] INFO  testcasses.accountregestire - provide customer details
21:02:33.316 [main] INFO  testcasses.accountregestire - *************finishing Teatcase*********
21:02:37.552 [main] INFO  testcasses.logintomyaccount - *******testcase start***********
21:02:39.625 [main] INFO  testcasses.logintomyaccount - *********test finish***********
21:02:52.471 [main] INFO  testcasses.accountregestire - *************Starting Teatcase*********
21:02:54.639 [main] INFO  testcasses.accountregestire - Clicked regestire link
21:02:54.645 [main] INFO  testcasses.accountregestire - provide customer details
21:02:56.028 [main] INFO  testcasses.accountregestire - *************finishing Teatcase*********
21:02:59.532 [main] INFO  testcasses.logintomyaccount - *******testcase start***********
21:02:06.756 [main] INFO  testcasses.logintomyaccount - *********test finish***********
22:02:28.824 [main] INFO  testcasses.accountregestire - *************Starting Teatcase*********
22:02:30.027 [main] INFO  testcasses.accountregestire - Clicked regestire link
22:02:30.031 [main] INFO  testcasses.accountregestire - provide customer details
22:02:31.564 [main] INFO  testcasses.accountregestire - *************finishing Teatcase*********
22:02:35.503 [main] INFO  testcasses.logintomyaccount - *******testcase start***********
22:02:37.420 [main] INFO  testcasses.logintomyaccount - *********test finish***********
22:02:33.620 [main] INFO  testcasses.accountregestire - *************Starting Teatcase*********
22:02:34.938 [main] INFO  testcasses.accountregestire - Clicked regestire link
22:02:34.941 [main] INFO  testcasses.accountregestire - provide customer details
22:02:36.774 [main] INFO  testcasses.accountregestire - *************finishing Teatcase*********
22:02:41.813 [main] INFO  testcasses.logintomyaccount - *******testcase start***********
22:02:44.964 [main] INFO  testcasses.logintomyaccount - *********test finish***********
